Daily contribution Fri Jul 17 08:26:51 UTC 2026
Contribution 1 at Fri Jul 17 14:15:08 IST 2026
Contribution 2 at Fri Jul 17 14:15:10 IST 2026
Contribution 3 at Fri Jul 17 14:15:12 IST 2026
Contribution 1 at Sat Jul 18 01:07:54 IST 2026
Contribution 2 at Sat Jul 18 01:07:56 IST 2026
Contribution 3 at Sat Jul 18 01:07:58 IST 2026
Contribution 4 at Sat Jul 18 01:08:00 IST 2026
Contribution 1 at Sat Jul 18 08:01:14 IST 2026
Contribution 2 at Sat Jul 18 08:01:16 IST 2026
Contribution 3 at Sat Jul 18 08:01:18 IST 2026
Contribution 4 at Sat Jul 18 08:01:20 IST 2026
Contribution 5 at Sat Jul 18 08:01:22 IST 2026
Contribution 1 at Sun Jul 19 01:07:42 IST 2026
Contribution 2 at Sun Jul 19 01:07:44 IST 2026
Contribution 3 at Sun Jul 19 01:07:46 IST 2026
Contribution 4 at Sun Jul 19 01:07:48 IST 2026
Contribution 1 at Mon Jul 20 01:07:31 IST 2026
Contribution 2 at Mon Jul 20 01:07:33 IST 2026
Contribution 3 at Mon Jul 20 01:07:35 IST 2026
Contribution 4 at Mon Jul 20 01:07:37 IST 2026
Contribution 5 at Mon Jul 20 01:07:39 IST 2026
Contribution 1 at Tue Jul 21 01:31:45 IST 2026
Contribution 2 at Tue Jul 21 01:31:47 IST 2026
Contribution 3 at Tue Jul 21 01:31:49 IST 2026
Contribution 4 at Tue Jul 21 01:31:51 IST 2026
Contribution 5 at Tue Jul 21 01:31:53 IST 2026
Contribution 1 at Wed Jul 22 01:27:24 IST 2026
Contribution 1 at Thu Jul 23 01:20:29 IST 2026
Contribution 2 at Thu Jul 23 01:20:31 IST 2026
Contribution 3 at Thu Jul 23 01:20:33 IST 2026
